<?xml version="1.0" encoding="UTF-8"?>
<testsuite name="SightingTest" tests="5" skipped="0" failures="0" errors="0" timestamp="2020-09-21T18:44:31" hostname="access-ThinkPad-T450" time="0.284">
  <properties/>
  <testcase name="equals_returnsTrueIfLocationAndDescriptionAreSame_true" classname="SightingTest" time="0.029"/>
  <testcase name="sighting_instantiatesCorrectly_true" classname="SightingTest" time="0.029"/>
  <testcase name="save_insertsObjectIntoDatabase_Sighting" classname="SightingTest" time="0.054"/>
  <testcase name="all_returnsAllInstancesOfSighting_true" classname="SightingTest" time="0.092"/>
  <testcase name="find_returnsSightingWithSameId_secondSighting" classname="SightingTest" time="0.077"/>
  <system-out><![CDATA[]]></system-out>
  <system-err><![CDATA[]]></system-err>
</testsuite>
