<?xml version="1.0" encoding="UTF-8"?>
<testsuite name="AnimalTest" tests="7" skipped="0" failures="0" errors="0" timestamp="2020-09-22T06:53:54" hostname="access-ThinkPad-T450" time="0.505">
  <properties/>
  <testcase name="animal_instantiatesCorrectly_false" classname="AnimalTest" time="0.178"/>
  <testcase name="getName_animalInstantiatesWithName_Deer" classname="AnimalTest" time="0.009"/>
  <testcase name="save_assignsIdToObjectAndSavesObjectToDatabase" classname="AnimalTest" time="0.096"/>
  <testcase name="equals_returnsTrueIfNameIsTheSame_false" classname="AnimalTest" time="0.007"/>
  <testcase name="delete_deletesAnimalFromDatabase_0" classname="AnimalTest" time="0.065"/>
  <testcase name="all_returnsAllInstancesOfAnimal_false" classname="AnimalTest" time="0.074"/>
  <testcase name="find_returnsAnimalWithSameId_secondAnimal" classname="AnimalTest" time="0.071"/>
  <system-out><![CDATA[]]></system-out>
  <system-err><![CDATA[]]></system-err>
</testsuite>
